# JRE version: OpenJDK Runtime Environment (8.0_152-b01) (build 1.8.0_152-release-915-b01)
# Java VM: OpenJDK Server VM (25.152-b01 mixed mode windows-x86 )
Heap:
 def new generation   total 30592K, used 12195K [0x11000000, 0x13130000, 0x26550000)
  eden space 27200K,  33% used [0x11000000, 0x118eb4e0, 0x12a90000)
  from space 3392K,  90% used [0x12a90000, 0x12d8db00, 0x12de0000)
  to   space 3392K,   0% used [0x12de0000, 0x12de0000, 0x13130000)
 tenured generation   total 67768K, used 58959K [0x26550000, 0x2a77e000, 0x51000000)
   the space 67768K,  87% used [0x26550000, 0x29ee3e58, 0x29ee4000, 0x2a77e000)
 Metaspace       used 45605K, capacity 47098K, committed 47104K, reserved 47488K
GC Heap History (10 events):
Event: 282.507 GC heap before
{Heap before GC invocations=92 (full 4):
 def new generation   total 30592K, used 29861K [0x11000000, 0x13130000, 0x26550000)
  eden space 27200K, 100% used [0x11000000, 0x12a90000, 0x12a90000)
  from space 3392K,  78% used [0x12de0000, 0x13079780, 0x13130000)
  to   space 3392K,   0% used [0x12a90000, 0x12a90000, 0x12de0000)
 tenured generation   total 67768K, used 48885K [0x26550000, 0x2a77e000, 0x51000000)
   the space 67768K,  72% used [0x26550000, 0x2950d568, 0x2950d600, 0x2a77e000)
 Metaspace       used 43914K, capacity 45373K, committed 45440K, reserved 45440K
Event: 282.533 GC heap after
Heap after GC invocations=93 (full 4):
 def new generation   total 30592K, used 1221K [0x11000000, 0x13130000, 0x26550000)
  eden space 27200K,   0% used [0x11000000, 0x11000000, 0x12a90000)
  from space 3392K,  36% used [0x12a90000, 0x12bc1788, 0x12de0000)
  to   space 3392K,   0% used [0x12de0000, 0x12de0000, 0x13130000)
 tenured generation   total 67768K, used 51126K [0x26550000, 0x2a77e000, 0x51000000)
   the space 67768K,  75% used [0x26550000, 0x2973daa8, 0x2973dc00, 0x2a77e000)
 Metaspace       used 43914K, capacity 45373K, committed 45440K, reserved 45440K
}
Event: 282.974 GC heap before
{Heap before GC invocations=93 (full 4):
 def new generation   total 30592K, used 28421K [0x11000000, 0x13130000, 0x26550000)
  eden space 27200K, 100% used [0x11000000, 0x12a90000, 0x12a90000)
  from space 3392K,  36% used [0x12a90000, 0x12bc1788, 0x12de0000)
  to   space 3392K,   0% used [0x12de0000, 0x12de0000, 0x13130000)
 tenured generation   total 67768K, used 51126K [0x26550000, 0x2a77e000, 0x51000000)
   the space 67768K,  75% used [0x26550000, 0x2973daa8, 0x2973dc00, 0x2a77e000)
 Metaspace       used 43917K, capacity 45373K, committed 45440K, reserved 45440K
Event: 282.986 GC heap after
Heap after GC invocations=94 (full 4):
 def new generation   total 30592K, used 1520K [0x11000000, 0x13130000, 0x26550000)
  eden space 27200K,   0% used [0x11000000, 0x11000000, 0x12a90000)
  from space 3392K,  44% used [0x12de0000, 0x12f5c0b8, 0x13130000)
  to   space 3392K,   0% used [0x12a90000, 0x12a90000, 0x12de0000)
 tenured generation   total 67768K, used 51126K [0x26550000, 0x2a77e000, 0x51000000)
   the space 67768K,  75% used [0x26550000, 0x2973daa8, 0x2973dc00, 0x2a77e000)
 Metaspace       used 43917K, capacity 45373K, committed 45440K, reserved 45440K
}
Event: 289.684 GC heap before
{Heap before GC invocations=94 (full 4):
 def new generation   total 30592K, used 28720K [0x11000000, 0x13130000, 0x26550000)
  eden space 27200K, 100% used [0x11000000, 0x12a90000, 0x12a90000)
  from space 3392K,  44% used [0x12de0000, 0x12f5c0b8, 0x13130000)
  to   space 3392K,   0% used [0x12a90000, 0x12a90000, 0x12de0000)
 tenured generation   total 67768K, used 51126K [0x26550000, 0x2a77e000, 0x51000000)
   the space 67768K,  75% used [0x26550000, 0x2973daa8, 0x2973dc00, 0x2a77e000)
 Metaspace       used 44124K, capacity 45598K, committed 45696K, reserved 46464K
Event: 289.716 GC heap after
Heap after GC invocations=95 (full 4):
 def new generation   total 30592K, used 3392K [0x11000000, 0x13130000, 0x26550000)
  eden space 27200K,   0% used [0x11000000, 0x11000000, 0x12a90000)
  from space 3392K, 100% used [0x12a90000, 0x12de0000, 0x12de0000)
  to   space 3392K,   0% used [0x12de0000, 0x12de0000, 0x13130000)
 tenured generation   total 67768K, used 51701K [0x26550000, 0x2a77e000, 0x51000000)
   the space 67768K,  76% used [0x26550000, 0x297cd4e0, 0x297cd600, 0x2a77e000)
 Metaspace       used 44124K, capacity 45598K, committed 45696K, reserved 46464K
}
Event: 315.177 GC heap before
{Heap before GC invocations=95 (full 4):
 def new generation   total 30592K, used 30592K [0x11000000, 0x13130000, 0x26550000)
  eden space 27200K, 100% used [0x11000000, 0x12a90000, 0x12a90000)
  from space 3392K, 100% used [0x12a90000, 0x12de0000, 0x12de0000)
  to   space 3392K,   0% used [0x12de0000, 0x12de0000, 0x13130000)
 tenured generation   total 67768K, used 51701K [0x26550000, 0x2a77e000, 0x51000000)
   the space 67768K,  76% used [0x26550000, 0x297cd4e0, 0x297cd600, 0x2a77e000)
 Metaspace       used 44500K, capacity 45962K, committed 46080K, reserved 46464K
Event: 315.227 GC heap after
Heap after GC invocations=96 (full 4):
 def new generation   total 30592K, used 3392K [0x11000000, 0x13130000, 0x26550000)
  eden space 27200K,   0% used [0x11000000, 0x11000000, 0x12a90000)
  from space 3392K, 100% used [0x12de0000, 0x13130000, 0x13130000)
  to   space 3392K,   0% used [0x12a90000, 0x12a90000, 0x12de0000)
 tenured generation   total 67768K, used 55633K [0x26550000, 0x2a77e000, 0x51000000)
   the space 67768K,  82% used [0x26550000, 0x29ba4508, 0x29ba4600, 0x2a77e000)
 Metaspace       used 44500K, capacity 45962K, committed 46080K, reserved 46464K
}
Event: 317.572 GC heap before
{Heap before GC invocations=96 (full 4):
 def new generation   total 30592K, used 30592K [0x11000000, 0x13130000, 0x26550000)
  eden space 27200K, 100% used [0x11000000, 0x12a90000, 0x12a90000)
  from space 3392K, 100% used [0x12de0000, 0x13130000, 0x13130000)
  to   space 3392K,   0% used [0x12a90000, 0x12a90000, 0x12de0000)
 tenured generation   total 67768K, used 55633K [0x26550000, 0x2a77e000, 0x51000000)
   the space 67768K,  82% used [0x26550000, 0x29ba4508, 0x29ba4600, 0x2a77e000)
 Metaspace       used 44758K, capacity 46226K, committed 46336K, reserved 46464K
Event: 317.613 GC heap after
Heap after GC invocations=97 (full 4):
 def new generation   total 30592K, used 3062K [0x11000000, 0x13130000, 0x26550000)
  eden space 27200K,   0% used [0x11000000, 0x11000000, 0x12a90000)
  from space 3392K,  90% used [0x12a90000, 0x12d8db00, 0x12de0000)
  to   space 3392K,   0% used [0x12de0000, 0x12de0000, 0x13130000)
 tenured generation   total 67768K, used 58959K [0x26550000, 0x2a77e000, 0x51000000)
   the space 67768K,  87% used [0x26550000, 0x29ee3e58, 0x29ee4000, 0x2a77e000)
 Metaspace       used 44758K, capacity 46226K, committed 46336K, reserved 46464K
}

